2025-07-03 17:47:55-root-DEBUG-This is a mseesage at the DEBUG level
2025-07-03 17:47:55-root-INFO-This is message at the info level
2025-07-03 17:47:55-root-WARNING-this is a message at the warning level
2025-07-03 17:47:55-root-ERROR-This is a message at the error level
2025-07-03 17:47:55-root-CRITICAL-This is a message at the critical level
2025-07-03 17:47:58-root-DEBUG-This is a mseesage at the DEBUG level
2025-07-03 17:47:58-root-INFO-This is message at the info level
2025-07-03 17:47:58-root-WARNING-this is a message at the warning level
2025-07-03 17:47:58-root-ERROR-This is a message at the error level
2025-07-03 17:47:58-root-CRITICAL-This is a message at the critical level
2025-07-03 17:47:59-root-DEBUG-This is a mseesage at the DEBUG level
2025-07-03 17:47:59-root-INFO-This is message at the info level
2025-07-03 17:47:59-root-WARNING-this is a message at the warning level
2025-07-03 17:47:59-root-ERROR-This is a message at the error level
2025-07-03 17:47:59-root-CRITICAL-This is a message at the critical level
2025-07-03 17:48:01-root-DEBUG-This is a mseesage at the DEBUG level
2025-07-03 17:48:01-root-INFO-This is message at the info level
2025-07-03 17:48:01-root-WARNING-this is a message at the warning level
2025-07-03 17:48:01-root-ERROR-This is a message at the error level
2025-07-03 17:48:01-root-CRITICAL-This is a message at the critical level
